<?xml version="1.0" encoding="UTF-8" ?>
<testsuite errors="0" failures="0" hostname="vmi456565" name="cimpa.td.test.OrangeTest" skipped="0" tests="4" time="0.079" timestamp="2021-01-13T11:18:08">
  <properties>
[...]
</properties>
  <testcase classname="cimpa.td.test.OrangeTest" name="testEqualityOrangeWithDifferentOrigins" time="0.005" />
  <testcase classname="cimpa.td.test.OrangeTest" name="testEqualityWithNullOrange" time="0.0" />
  <testcase classname="cimpa.td.test.OrangeTest" name="testEquality" time="0.001" />
  <testcase classname="cimpa.td.test.OrangeTest" name="testEqualityOrangeWithDifferentPrices" time="0.0" />
  <system-out><![CDATA[]]></system-out>
  <system-err><![CDATA[]]></system-err>
</testsuite>
